Added Component: Designator=C1(FP-1206-L_3_2_0_2-W_1_6_0-IPC_B)
Added Component: Designator=C2(FP-1206-L_3_2_0_2-W_1_6_0-IPC_B)
Added Component: Designator=C3(FP-1206-L_3_2_0_2-W_1_6_0-IPC_B)
Added Component: Designator=J1(ACA-115)
Added Component: Designator=J2(ACA-115)
Added Component: Designator=J3(PIN_HEADER_1L_2P)
Added Component: Designator=J4(PIN_HEADER_1L_4P)
Added Component: Designator=MH1(MOUNTING_HOLE_GROUNDED)
Added Component: Designator=MH2(MOUNTING_HOLE_GROUNDED)
Added Component: Designator=MH3(MOUNTING_HOLE_GROUNDED)
Added Component: Designator=MH4(MOUNTING_HOLE_GROUNDED)
Added Component: Designator=R1(FP-CRCW1206-e3-IPC_B)
Add component (AddParameter): Name = "Resistance"; Value = "DNM"; VariantName = "[No Variations]"
Added Component: Designator=R2(FP-CRCW1206-e3-IPC_B)
Add component (AddParameter): Name = "Resistance"; Value = "360R"; VariantName = "[No Variations]"
Added Component: Designator=R3(FP-CRCW1206-e3-IPC_B)
Add component (AddParameter): Name = "Resistance"; Value = "DNM"; VariantName = "[No Variations]"
Added Component: Designator=R4(FP-CRCW1206-e3-IPC_B)
Add component (AddParameter): Name = "Resistance"; Value = "360R"; VariantName = "[No Variations]"
Added Component: Designator=R5(FP-CRCW1206-e3-IPC_B)
Add component (AddParameter): Name = "Resistance"; Value = "1k"; VariantName = "[No Variations]"
Added Component: Designator=R6(FP-CRCW1206-e3-IPC_B)
Add component (AddParameter): Name = "Resistance"; Value = "DNM"; VariantName = "[No Variations]"
Added Component: Designator=R7(FP-CRCW1206-e3-IPC_B)
Add component (AddParameter): Name = "Resistance"; Value = "1k"; VariantName = "[No Variations]"
Added Component: Designator=R8(FP-CRCW1206-e3-IPC_B)
Add component (AddParameter): Name = "Resistance"; Value = "DNM"; VariantName = "[No Variations]"
Added Component: Designator=R9(FP-CRCW1206-e3-IPC_B)
Add component (AddParameter): Name = "Resistance"; Value = "DNM"; VariantName = "[No Variations]"
Added Component: Designator=RV1(POT_THT_200MIL)
Add component (AddParameter): Name = "Resistance"; Value = "10k"; VariantName = "[No Variations]"
Add component (AddParameter): Name = "Type"; Value = "LIN"; VariantName = "[No Variations]"
Added Component: Designator=RV2(POT_THT_200MIL)
Add component (AddParameter): Name = "Resistance"; Value = "10k"; VariantName = "[No Variations]"
Add component (AddParameter): Name = "Type"; Value = "LIN"; VariantName = "[No Variations]"
Added Component: Designator=TR1(TRANSFORMER_600_600_THT_RED)
Added Component: Designator=TR2(TRANSFORMER_600_600_THT_RED)
Added Pin To Net: NetName=NetC1_1 Pin=C1-1
Added Pin To Net: NetName=GND_PC Pin=C1-2
Added Pin To Net: NetName=NetC2_1 Pin=C2-1
Added Pin To Net: NetName=GND_PC Pin=C2-2
Added Pin To Net: NetName=RADIO_AUDIO_IN Pin=C3-1
Added Pin To Net: NetName=GND_RTX Pin=C3-2
Added Pin To Net: NetName=GND_PC Pin=J1-1
Added Pin To Net: NetName=NetJ1_3 Pin=J1-3
Added Pin To Net: NetName=NetJ1_3 Pin=J1-4
Added Pin To Net: NetName=GND_PC Pin=J2-1
Added Pin To Net: NetName=NetJ2_2 Pin=J2-2
Added Pin To Net: NetName=NetJ2_5 Pin=J2-5
Added Pin To Net: NetName=NetJ3_1 Pin=J3-1
Added Pin To Net: NetName=NetJ3_2 Pin=J3-2
Added Pin To Net: NetName=NetJ4_1 Pin=J4-1
Added Pin To Net: NetName=NetJ4_2 Pin=J4-2
Added Pin To Net: NetName=NetJ4_3 Pin=J4-3
Added Pin To Net: NetName=GND_RTX Pin=J4-4
Added Pin To Net: NetName=GND Pin=MH1-1
Added Pin To Net: NetName=GND Pin=MH2-1
Added Pin To Net: NetName=GND Pin=MH3-1
Added Pin To Net: NetName=GND Pin=MH4-1
Added Pin To Net: NetName=PTT Pin=R1-1
Added Pin To Net: NetName=NetJ3_1 Pin=R1-2
Added Pin To Net: NetName=NetJ2_5 Pin=R2-1
Added Pin To Net: NetName=NetC2_1 Pin=R2-2
Added Pin To Net: NetName=SQL Pin=R3-1
Added Pin To Net: NetName=NetJ3_2 Pin=R3-2
Added Pin To Net: NetName=NetJ2_2 Pin=R4-1
Added Pin To Net: NetName=NetC2_1 Pin=R4-2
Added Pin To Net: NetName=NetR5_1 Pin=R5-1
Added Pin To Net: NetName=NetR5_2 Pin=R5-2
Added Pin To Net: NetName=RADIO_AUDIO_OUT Pin=R6-1
Added Pin To Net: NetName=NetJ4_1 Pin=R6-2
Added Pin To Net: NetName=NetC2_1 Pin=R7-1
Added Pin To Net: NetName=GND_PC Pin=R7-2
Added Pin To Net: NetName=RADIO_AUDIO_OUT Pin=R8-1
Added Pin To Net: NetName=NetJ4_2 Pin=R8-2
Added Pin To Net: NetName=RADIO_AUDIO_IN Pin=R9-1
Added Pin To Net: NetName=NetJ4_3 Pin=R9-2
Added Pin To Net: NetName=GND_PC Pin=RV1-1
Added Pin To Net: NetName=NetJ1_3 Pin=RV1-2
Added Pin To Net: NetName=NetC1_1 Pin=RV1-3
Added Pin To Net: NetName=GND_RTX Pin=RV2-1
Added Pin To Net: NetName=RADIO_AUDIO_IN Pin=RV2-2
Added Pin To Net: NetName=NetR5_2 Pin=RV2-3
Added Pin To Net: NetName=NetC1_1 Pin=TR1-P1
Added Pin To Net: NetName=GND_PC Pin=TR1-P2
Added Pin To Net: NetName=RADIO_AUDIO_OUT Pin=TR1-S1
Added Pin To Net: NetName=GND_RTX Pin=TR1-S2
Added Pin To Net: NetName=NetC2_1 Pin=TR2-P1
Added Pin To Net: NetName=GND_PC Pin=TR2-P2
Added Pin To Net: NetName=NetR5_1 Pin=TR2-S1
Added Pin To Net: NetName=GND_RTX Pin=TR2-S2
Added Member To Class: ClassName=interface Member=Component C1 10n
Added Member To Class: ClassName=interface Member=Component C2 10n
Added Member To Class: ClassName=interface Member=Component C3 10n
Added Member To Class: ClassName=interface Member=Component J1 PC_IN
Added Member To Class: ClassName=interface Member=Component J2 PC_OUT
Added Member To Class: ClassName=interface Member=Component J3 RADIO_CABLE
Added Member To Class: ClassName=interface Member=Component J4 RADIO_CABLE
Added Member To Class: ClassName=interface Member=Component MH1 MH_3.5mm
Added Member To Class: ClassName=interface Member=Component MH2 MH_3.5mm
Added Member To Class: ClassName=interface Member=Component MH3 MH_3.5mm
Added Member To Class: ClassName=interface Member=Component MH4 MH_3.5mm
Added Member To Class: ClassName=interface Member=Component R1 Resistor
Added Member To Class: ClassName=interface Member=Component R2 Resistor
Added Member To Class: ClassName=interface Member=Component R3 Resistor
Added Member To Class: ClassName=interface Member=Component R4 Resistor
Added Member To Class: ClassName=interface Member=Component R5 Resistor
Added Member To Class: ClassName=interface Member=Component R6 Resistor
Added Member To Class: ClassName=interface Member=Component R7 Resistor
Added Member To Class: ClassName=interface Member=Component R8 Resistor
Added Member To Class: ClassName=interface Member=Component R9 Resistor
Added Member To Class: ClassName=interface Member=Component RV1 1 TURN
Added Member To Class: ClassName=interface Member=Component RV2 1 TURN
Added Member To Class: ClassName=interface Member=Component TR1 600:600
Added Member To Class: ClassName=interface Member=Component TR2 600:600
